missing content    : https://www.topcv.vn/viec-lam/lap-trinh-vien-backend-back-end-developer/1346109.html?ta_source=ITJobs_LinkDetail
missing content    : https://www.topcv.vn/viec-lam/business-analyst-hcm/1357311.html?ta_source=ITJobs_LinkDetail
missing content    : https://www.topcv.vn/viec-lam/chuyen-vien-quan-ly-he-thong-ngan-hang/1161078.html?ta_source=ITJobs_LinkDetail
missing content    : https://www.topcv.vn/viec-lam/nhan-vien-quan-tri-tai-san-kho/1233952.html?ta_source=ITJobs_LinkDetail
missing content    : https://www.topcv.vn/viec-lam/nhan-vien-it/1355301.html?ta_source=ITJobs_LinkDetail
missing content    : https://www.topcv.vn/viec-lam/nhan-vien-ban-hang-cp37/1354873.html?ta_source=ITJobs_LinkDetail
missing content    : https://www.topcv.vn/viec-lam/lap-trinh-vien-net-winform/1354358.html?ta_source=ITJobs_LinkDetail
missing content    : https://www.topcv.vn/viec-lam/lap-trinh-vien-net/885258.html?ta_source=ITJobs_LinkDetail
missing content    : https://www.topcv.vn/viec-lam/fresh-software-engineer-true-engineer-2024/1352158.html?ta_source=ITJobs_LinkDetail
missing requirement: https://careerviet.vn/vi/tim-viec-lam/system-and-bulk-execution-leader-ai.35C02832.html
missing requirement: https://careerviet.vn/vi/tim-viec-lam/system-execution-staff-ai.35C02833.html
missing content    : https://www.topcv.vn/viec-lam/nhan-vien-ky-thuat-cong-nghe/1352144.html?ta_source=ITJobs_LinkDetail
missing content    : https://www.topcv.vn/viec-lam/nhan-vien-giam-sat-camera/1349351.html?ta_source=ITJobs_LinkDetail
missing content    : https://www.topcv.vn/viec-lam/nhan-vien-tester/1347580.html?ta_source=ITJobs_LinkDetail
missing content    : https://www.topcv.vn/viec-lam/marketing-executive/822113.html?ta_source=ITJobs_LinkDetail
missing content    : https://www.topcv.vn/viec-lam/nhan-vien-cong-nghe-thong-tin-web-developer-app-developer/1332321.html?ta_source=ITJobs_LinkDetail
missing content    : https://www.topcv.vn/viec-lam/chuyen-vien-it-helpdesk-sysadmin/1346164.html?ta_source=ITJobs_LinkDetail
missing content    : https://www.topcv.vn/viec-lam/data-scientist/1345635.html?ta_source=ITJobs_LinkDetail
missing content    : https://www.topcv.vn/viec-lam/lap-trinh-vien-backend-back-end-developer/1346109.html?ta_source=ITJobs_LinkDetail
missing content    : https://www.topcv.vn/viec-lam/business-analyst-hcm/1357311.html?ta_source=ITJobs_LinkDetail
missing content    : https://www.topcv.vn/viec-lam/chuyen-vien-quan-ly-he-thong-ngan-hang/1161078.html?ta_source=ITJobs_LinkDetail
missing content    : https://www.topcv.vn/viec-lam/nhan-vien-quan-tri-tai-san-kho/1233952.html?ta_source=ITJobs_LinkDetail
missing content    : https://www.topcv.vn/viec-lam/nhan-vien-ban-hang-cp37/1354873.html?ta_source=ITJobs_LinkDetail
missing content    : https://www.topcv.vn/viec-lam/nhan-vien-it/1355301.html?ta_source=ITJobs_LinkDetail
missing content    : https://www.topcv.vn/viec-lam/lap-trinh-vien-net-winform/1354358.html?ta_source=ITJobs_LinkDetail
missing content    : https://www.topcv.vn/viec-lam/lap-trinh-vien-net/885258.html?ta_source=ITJobs_LinkDetail
missing content    : https://www.topcv.vn/viec-lam/fresh-software-engineer-true-engineer-2024/1352158.html?ta_source=ITJobs_LinkDetail
missing content    : https://www.topcv.vn/viec-lam/nhan-vien-ky-thuat-cong-nghe/1352144.html?ta_source=ITJobs_LinkDetail
missing content    : https://www.topcv.vn/viec-lam/nhan-vien-giam-sat-camera/1349351.html?ta_source=ITJobs_LinkDetail
missing content    : https://www.topcv.vn/viec-lam/nhan-vien-tester/1347580.html?ta_source=ITJobs_LinkDetail
missing content    : https://www.topcv.vn/viec-lam/marketing-executive/822113.html?ta_source=ITJobs_LinkDetail
missing content    : https://www.topcv.vn/viec-lam/nhan-vien-cong-nghe-thong-tin-web-developer-app-developer/1332321.html?ta_source=ITJobs_LinkDetail
missing content    : https://www.topcv.vn/viec-lam/chuyen-vien-it-helpdesk-sysadmin/1346164.html?ta_source=ITJobs_LinkDetail
missing content    : https://www.topcv.vn/viec-lam/data-scientist/1345635.html?ta_source=ITJobs_LinkDetail
missing content    : https://www.topcv.vn/viec-lam/seo-executive/1164637.html?ta_source=ITJobs_LinkDetail
missing content    : https://www.topcv.vn/viec-lam/sale-b2b-fulltime/1342194.html?ta_source=ITJobs_LinkDetail
missing content    : https://www.topcv.vn/viec-lam/lap-trinh-vien-react-js/684356.html?ta_source=ITJobs_LinkDetail
missing content    : https://www.topcv.vn/viec-lam/nhan-vien-ban-hang-cp58/1337672.html?ta_source=ITJobs_LinkDetail
missing content    : https://www.topcv.vn/viec-lam/database-administrator/1335434.html?ta_source=ITJobs_LinkDetail
missing content    : https://www.topcv.vn/viec-lam/it-manager-linux-open-source-tools/1287111.html?ta_source=ITJobs_LinkDetail
missing content    : https://www.topcv.vn/viec-lam/lap-trinh-vien-backend/1244870.html?ta_source=ITJobs_LinkDetail
missing title      : https://www.topcv.vn/brand/topcv/tuyen-dung/fullstack-developer-j290971.html?ta_source=ITJobs_LinkDetail
missing content    : https://www.topcv.vn/viec-lam/nhan-vien-seo-code-web/1329263.html?ta_source=ITJobs_LinkDetail
missing content    : https://www.topcv.vn/viec-lam/chuyen-vien-phat-trien-phan-mem-ung-dung/1228448.html?ta_source=ITJobs_LinkDetail
missing content    : https://www.topcv.vn/viec-lam/nhan-vien-phan-tich-nghiep-vu/1327492.html?ta_source=ITJobs_LinkDetail
missing content    : https://www.topcv.vn/brand/educa/tuyen-dung/chuyen-vien-thiet-ke-hoi-thoai-voicebot-ai-engineer-nlp-j1326248.html?ta_source=ITJobs_LinkDetail
missing content    : https://www.topcv.vn/viec-lam/thuc-tap-sinh-net-oracle/1291482.html?ta_source=ITJobs_LinkDetail
missing content    : https://www.topcv.vn/viec-lam/business-analyst-intern-software-development/1291699.html?ta_source=ITJobs_LinkDetail
missing content    : https://www.topcv.vn/viec-lam/chuyen-vien-cong-nghe-phan-mem/1324230.html?ta_source=ITJobs_LinkDetail
missing content    : https://www.topcv.vn/viec-lam/business-analyst/1325524.html?ta_source=ITJobs_LinkDetail
missing content    : https://www.topcv.vn/viec-lam/nhan-vien-seo/416845.html?ta_source=ITJobs_LinkDetail
missing content    : https://www.topcv.vn/viec-lam/lap-trinh-vien-backend-back-end-developer/1346109.html?ta_source=ITJobs_LinkDetail
missing requirement: https://careerviet.vn/vi/tim-viec-lam/system-and-bulk-execution-leader-ai.35C02832.html
missing requirement: https://careerviet.vn/vi/tim-viec-lam/system-execution-staff-ai.35C02833.html
missing content    : https://www.topcv.vn/viec-lam/cskh-biet-tieng-trung/1282161.html?ta_source=ITJobs_LinkDetail
missing content    : https://www.topcv.vn/viec-lam/risk-analyst-underwriting/1310450.html?ta_source=ITJobs_LinkDetail
missing content    : https://www.topcv.vn/viec-lam/business-analyst-hcm/1357311.html?ta_source=ITJobs_LinkDetail
missing content    : https://www.topcv.vn/viec-lam/chuyen-vien-quan-ly-he-thong-ngan-hang/1161078.html?ta_source=ITJobs_LinkDetail
missing content    : https://www.topcv.vn/viec-lam/nhan-vien-quan-tri-tai-san-kho/1233952.html?ta_source=ITJobs_LinkDetail
missing content    : https://www.topcv.vn/viec-lam/nhan-vien-ban-hang-cp37/1354873.html?ta_source=ITJobs_LinkDetail
missing content    : https://www.topcv.vn/viec-lam/nhan-vien-it/1355301.html?ta_source=ITJobs_LinkDetail
missing content    : https://www.topcv.vn/viec-lam/lap-trinh-vien-net-winform/1354358.html?ta_source=ITJobs_LinkDetail
missing content    : https://www.topcv.vn/viec-lam/lap-trinh-vien-net/885258.html?ta_source=ITJobs_LinkDetail
missing content    : https://www.topcv.vn/viec-lam/fresh-software-engineer-true-engineer-2024/1352158.html?ta_source=ITJobs_LinkDetail
missing content    : https://www.topcv.vn/viec-lam/nhan-vien-ky-thuat-cong-nghe/1352144.html?ta_source=ITJobs_LinkDetail
missing content    : https://www.topcv.vn/viec-lam/nhan-vien-giam-sat-camera/1349351.html?ta_source=ITJobs_LinkDetail
missing content    : https://www.topcv.vn/viec-lam/nhan-vien-tester/1347580.html?ta_source=ITJobs_LinkDetail
missing content    : https://www.topcv.vn/viec-lam/marketing-executive/822113.html?ta_source=ITJobs_LinkDetail
missing content    : https://www.topcv.vn/viec-lam/nhan-vien-cong-nghe-thong-tin-web-developer-app-developer/1332321.html?ta_source=ITJobs_LinkDetail
missing content    : https://www.topcv.vn/viec-lam/chuyen-vien-it-helpdesk-sysadmin/1346164.html?ta_source=ITJobs_LinkDetail
missing content    : https://www.topcv.vn/viec-lam/data-scientist/1345635.html?ta_source=ITJobs_LinkDetail
missing content    : https://www.topcv.vn/viec-lam/seo-executive/1164637.html?ta_source=ITJobs_LinkDetail
missing content    : https://www.topcv.vn/viec-lam/sale-b2b-fulltime/1342194.html?ta_source=ITJobs_LinkDetail
missing content    : https://www.topcv.vn/viec-lam/lap-trinh-vien-react-js/684356.html?ta_source=ITJobs_LinkDetail
missing content    : https://www.topcv.vn/viec-lam/nhan-vien-ban-hang-cp58/1337672.html?ta_source=ITJobs_LinkDetail
missing content    : https://www.topcv.vn/viec-lam/database-administrator/1335434.html?ta_source=ITJobs_LinkDetail
missing content    : https://www.topcv.vn/viec-lam/it-manager-linux-open-source-tools/1287111.html?ta_source=ITJobs_LinkDetail
missing content    : https://www.topcv.vn/viec-lam/lap-trinh-vien-backend/1244870.html?ta_source=ITJobs_LinkDetail
missing title      : https://www.topcv.vn/brand/topcv/tuyen-dung/fullstack-developer-j290971.html?ta_source=ITJobs_LinkDetail
missing content    : https://www.topcv.vn/viec-lam/nhan-vien-seo-code-web/1329263.html?ta_source=ITJobs_LinkDetail
missing content    : https://www.topcv.vn/viec-lam/chuyen-vien-phat-trien-phan-mem-ung-dung/1228448.html?ta_source=ITJobs_LinkDetail
missing content    : https://www.topcv.vn/viec-lam/nhan-vien-phan-tich-nghiep-vu/1327492.html?ta_source=ITJobs_LinkDetail
missing content    : https://www.topcv.vn/brand/educa/tuyen-dung/chuyen-vien-thiet-ke-hoi-thoai-voicebot-ai-engineer-nlp-j1326248.html?ta_source=ITJobs_LinkDetail
